<?xml version="1.0" encoding="UTF-8"?>
<!-- Generated by org.testng.reporters.JUnitReportReporter -->
<testsuite skipped="0" hostname="LAPTOP-0SRMIB86" name="homepageTest.HeaderLinkedButtonTest" tests="1" failures="0" timestamp="11 Oct 2019 12:34:39 GMT" time="20.625" errors="0">
  <testcase name="testHeaderLinkedButton" time="20.625" classname="homepageTest.HeaderLinkedButtonTest"/>
</testsuite> <!-- homepageTest.HeaderLinkedButtonTest -->
